{
  "RSpec": {
    "coverage": {
      "/Users/hsing-huihsu/Ada-class/rails_projects/see_more/config/environment.rb": [
        null,
        1,
        null,
        null,
        1
      ],
      "/Users/hsing-huihsu/Ada-class/rails_projects/see_more/config/application.rb": [
        1,
        null,
        null,
        1,
        1,
        1,
        1,
        null,
        null,
        null,
        null,
        1,
        null,
        1,
        1,
        null,
        null,
        null,
        null,
        null,
        null,
        null,
        null,
        null,
        null,
        null,
        null,
        null
      ],
      "/Users/hsing-huihsu/Ada-class/rails_projects/see_more/config/boot.rb": [
        null,
        1,
        null,
        1
      ],
      "/Users/hsing-huihsu/Ada-class/rails_projects/see_more/config/environments/test.rb": [
        1,
        null,
        null,
        null,
        null,
        null,
        null,
        1,
        null,
        null,
        null,
        null,
        1,
        null,
        null,
        1,
        1,
        null,
        null,
        1,
        1,
        null,
        null,
        1,
        null,
        null,
        1,
        null,
        null,
        null,
        null,
        1,
        null,
        null,
        1,
        null
      ],
      "/Users/hsing-huihsu/Ada-class/rails_projects/see_more/config/initializers/backtrace_silencers.rb": [
        null,
        null,
        null,
        null,
        null,
        null,
        null
      ],
      "/Users/hsing-huihsu/Ada-class/rails_projects/see_more/config/initializers/filter_parameter_logging.rb": [
        null,
        null,
        null,
        1
      ],
      "/Users/hsing-huihsu/Ada-class/rails_projects/see_more/config/initializers/inflections.rb": [
        null,
        null,
        null,
        null,
        null,
        null,
        null,
        null,
        null,
        null,
        null,
        null,
        null,
        null,
        null,
        null
      ],
      "/Users/hsing-huihsu/Ada-class/rails_projects/see_more/config/initializers/mime_types.rb": [
        null,
        null,
        null,
        null,
        null
      ],
      "/Users/hsing-huihsu/Ada-class/rails_projects/see_more/config/initializers/omniauth.rb": [
        null,
        null,
        null,
        null,
        1,
        1,
        1,
        null
      ],
      "/Users/hsing-huihsu/Ada-class/rails_projects/see_more/config/initializers/secret_token.rb": [
        null,
        null,
        null,
        null,
        null,
        null,
        null,
        null,
        null,
        null,
        null,
        1
      ],
      "/Users/hsing-huihsu/Ada-class/rails_projects/see_more/config/initializers/session_store.rb": [
        null,
        null,
        1
      ],
      "/Users/hsing-huihsu/Ada-class/rails_projects/see_more/config/initializers/twitter_credentials.rb": [
        1,
        null
      ],
      "/Users/hsing-huihsu/Ada-class/rails_projects/see_more/config/initializers/will_paginate.rb": [
        1
      ],
      "/Users/hsing-huihsu/Ada-class/rails_projects/see_more/config/initializers/wrap_parameters.rb": [
        null,
        null,
        null,
        null,
        null,
        null,
        1,
        1,
        null,
        null,
        null,
        null,
        null,
        null
      ],
      "/Users/hsing-huihsu/Ada-class/rails_projects/see_more/config/routes.rb": [
        1,
        null,
        1,
        null,
        1,
        1,
        1,
        null,
        1,
        1,
        1,
        null,
        1,
        1,
        null,
        1,
        1,
        1,
        1,
        null
      ],
      "/Users/hsing-huihsu/Ada-class/rails_projects/see_more/app/helpers/application_helper.rb": [
        1,
        null,
        1,
        0,
        0,
        0,
        0,
        0,
        0,
        null,
        null,
        1,
        0,
        0,
        0,
        0,
        0,
        0,
        null,
        null,
        1,
        0,
        0,
        null,
        0,
        null,
        0,
        null,
        null,
        1,
        0,
        0,
        null,
        null,
        null
      ],
      "/Users/hsing-huihsu/Ada-class/rails_projects/see_more/app/helpers/authors_helper.rb": [
        1,
        null
      ],
      "/Users/hsing-huihsu/Ada-class/rails_projects/see_more/app/helpers/posts_helper.rb": [
        1,
        null
      ],
      "/Users/hsing-huihsu/Ada-class/rails_projects/see_more/app/helpers/sessions_helper.rb": [
        1,
        null
      ],
      "/Users/hsing-huihsu/Ada-class/rails_projects/see_more/app/helpers/user_authors_helper.rb": [
        1,
        null
      ],
      "/Users/hsing-huihsu/Ada-class/rails_projects/see_more/app/helpers/users_helper.rb": [
        1,
        null
      ],
      "/Users/hsing-huihsu/Ada-class/rails_projects/see_more/app/helpers/welcome_helper.rb": [
        1,
        null
      ],
      "/Users/hsing-huihsu/Ada-class/rails_projects/see_more/app/controllers/authors_controller.rb": [
        1,
        1,
        null,
        1,
        0,
        0,
        null,
        0,
        0,
        null,
        0,
        null,
        null,
        0,
        0,
        0,
        null,
        0,
        null,
        null,
        0,
        null,
        0,
        null,
        0,
        null,
        null,
        null,
        1,
        0,
        0,
        0,
        0,
        0,
        null,
        null,
        1,
        null,
        1,
        0,
        null,
        null,
        1,
        0,
        null,
        null,
        null
      ],
      "/Users/hsing-huihsu/Ada-class/rails_projects/see_more/app/controllers/application_controller.rb": [
        1,
        null,
        null,
        1,
        null,
        1,
        5,
        null,
        null,
        null,
        null,
        null,
        null,
        null,
        null,
        null,
        null,
        null,
        null,
        null,
        null,
        null,
        null,
        null,
        null,
        null,
        null,
        null,
        1,
        null
      ],
      "/Users/hsing-huihsu/Ada-class/rails_projects/see_more/spec/controllers/posts_controller_spec.rb": [
        1,
        null,
        1,
        null,
        null
      ],
      "/Users/hsing-huihsu/Ada-class/rails_projects/see_more/app/controllers/posts_controller.rb": [
        1,
        null,
        1,
        0,
        0,
        0,
        null,
        null,
        1,
        0,
        0,
        0,
        null,
        0,
        null,
        null,
        null,
        1,
        0,
        0,
        0,
        0,
        null,
        0,
        0,
        null,
        null,
        null,
        1,
        0,
        0,
        0,
        null,
        null,
        1,
        null,
        1,
        0,
        null,
        null
      ],
      "/Users/hsing-huihsu/Ada-class/rails_projects/see_more/spec/controllers/sessions_controller_spec.rb": [
        1,
        null,
        1,
        null,
        1,
        1,
        1,
        1,
        5,
        null,
        1,
        1,
        1,
        null,
        null,
        1,
        2,
        null,
        null,
        1,
        1,
        1,
        null,
        null,
        1,
        1,
        1,
        null,
        null,
        null,
        null,
        1,
        3,
        3,
        null,
        1,
        0,
        null,
        null,
        1,
        0,
        0,
        null,
        null,
        null,
        1,
        2,
        null,
        1,
        1,
        0,
        0,
        null,
        null,
        null,
        1,
        1,
        1,
        null,
        null,
        1,
        1,
        0,
        0,
        null,
        null,
        null,
        null,
        null,
        null
      ],
      "/Users/hsing-huihsu/Ada-class/rails_projects/see_more/app/controllers/sessions_controller.rb": [
        1,
        null,
        1,
        6,
        6,
        null,
        null,
        5,
        0,
        0,
        5,
        null,
        0,
        0,
        0,
        null,
        null,
        null,
        5,
        5,
        4,
        4,
        4,
        4,
        null,
        0,
        null,
        null,
        null,
        null,
        null,
        null,
        1,
        0,
        0,
        null,
        null,
        null
      ],
      "/Users/hsing-huihsu/Ada-class/rails_projects/see_more/spec/controllers/user_authors_controller_spec.rb": [
        1,
        null,
        1,
        null,
        null
      ],
      "/Users/hsing-huihsu/Ada-class/rails_projects/see_more/app/controllers/user_authors_controller.rb": [
        1,
        null
      ],
      "/Users/hsing-huihsu/Ada-class/rails_projects/see_more/spec/controllers/users_controller_spec.rb": [
        1,
        null,
        1,
        null,
        null
      ],
      "/Users/hsing-huihsu/Ada-class/rails_projects/see_more/app/controllers/users_controller.rb": [
        1,
        1,
        null,
        1,
        0,
        0,
        0,
        0,
        0,
        0,
        null,
        0,
        null,
        0,
        0,
        0,
        0,
        0,
        0,
        0,
        0,
        null,
        0,
        0,
        0,
        null,
        0,
        0,
        null,
        null,
        0,
        0,
        null,
        null,
        null,
        1,
        0,
        0,
        0,
        0,
        0,
        0,
        0,
        0,
        0,
        0,
        0,
        0,
        0,
        null,
        null,
        null,
        null,
        null,
        0,
        null,
        null,
        null,
        null
      ],
      "/Users/hsing-huihsu/Ada-class/rails_projects/see_more/spec/controllers/welcome_controller_spec.rb": [
        1,
        null,
        1,
        null,
        1,
        1,
        1,
        1,
        null,
        null,
        null,
        1,
        1,
        1,
        0,
        null,
        null,
        null,
        null
      ],
      "/Users/hsing-huihsu/Ada-class/rails_projects/see_more/app/controllers/welcome_controller.rb": [
        1,
        null,
        null
      ],
      "/Users/hsing-huihsu/Ada-class/rails_projects/see_more/spec/helpers/authors_helper_spec.rb": [
        1,
        null,
        null,
        null,
        null,
        null,
        null,
        null,
        null,
        null,
        null,
        null,
        1,
        1,
        null
      ],
      "/Users/hsing-huihsu/Ada-class/rails_projects/see_more/spec/helpers/posts_helper_spec.rb": [
        1,
        null,
        null,
        null,
        null,
        null,
        null,
        null,
        null,
        null,
        null,
        null,
        1,
        1,
        null
      ],
      "/Users/hsing-huihsu/Ada-class/rails_projects/see_more/spec/helpers/sessions_helper_spec.rb": [
        1,
        null,
        null,
        null,
        null,
        null,
        null,
        null,
        null,
        null,
        null,
        null,
        1,
        1,
        null
      ],
      "/Users/hsing-huihsu/Ada-class/rails_projects/see_more/spec/helpers/user_authors_helper_spec.rb": [
        1,
        null,
        null,
        null,
        null,
        null,
        null,
        null,
        null,
        null,
        null,
        null,
        1,
        1,
        null
      ],
      "/Users/hsing-huihsu/Ada-class/rails_projects/see_more/spec/helpers/users_helper_spec.rb": [
        1,
        null,
        null,
        null,
        null,
        null,
        null,
        null,
        null,
        null,
        null,
        null,
        1,
        1,
        null
      ],
      "/Users/hsing-huihsu/Ada-class/rails_projects/see_more/spec/helpers/welcome_helper_spec.rb": [
        1,
        null,
        null,
        null,
        null,
        null,
        null,
        null,
        null,
        null,
        null,
        null,
        1,
        1,
        null
      ],
      "/Users/hsing-huihsu/Ada-class/rails_projects/see_more/spec/models/author_spec.rb": [
        1,
        null,
        1,
        1,
        null
      ],
      "/Users/hsing-huihsu/Ada-class/rails_projects/see_more/app/models/author.rb": [
        1,
        1,
        1,
        1,
        null,
        null,
        null,
        null
      ],
      "/Users/hsing-huihsu/Ada-class/rails_projects/see_more/spec/models/post_spec.rb": [
        1,
        null,
        1,
        1,
        null
      ],
      "/Users/hsing-huihsu/Ada-class/rails_projects/see_more/app/models/post.rb": [
        1,
        1,
        1,
        1,
        null,
        1,
        0,
        0,
        null,
        0,
        null,
        null,
        null,
        null,
        0,
        null,
        null,
        null,
        null,
        0,
        null,
        null,
        null,
        null,
        0,
        0,
        null,
        null,
        null,
        null,
        0,
        null,
        null,
        null,
        null,
        0,
        0,
        null,
        null,
        null,
        null,
        0,
        null,
        null,
        null,
        null,
        null,
        null
      ],
      "/Users/hsing-huihsu/Ada-class/rails_projects/see_more/spec/models/provider_spec.rb": [
        1,
        null,
        1,
        1,
        null,
        1,
        1,
        1,
        1,
        null,
        null,
        null,
        1,
        2,
        null,
        1,
        1,
        null,
        null,
        1,
        1,
        1,
        null,
        null,
        null,
        null,
        null,
        1,
        null,
        null,
        null,
        null,
        1,
        2,
        null,
        1,
        1,
        null,
        null,
        1,
        1,
        1,
        null,
        null,
        null,
        null,
        null,
        1,
        null,
        null,
        null,
        null,
        null
      ],
      "/Users/hsing-huihsu/Ada-class/rails_projects/see_more/app/models/provider.rb": [
        1,
        1,
        1,
        1,
        1,
        1,
        1,
        1,
        null,
        1,
        null,
        null,
        1,
        0,
        null,
        null,
        1,
        8,
        null,
        null,
        null,
        null,
        null,
        null,
        null,
        null,
        null,
        null,
        null,
        null,
        null,
        null,
        null,
        null,
        2,
        null,
        null,
        null
      ],
      "/Users/hsing-huihsu/Ada-class/rails_projects/see_more/spec/models/user_author_spec.rb": [
        1,
        null,
        1,
        1,
        null
      ],
      "/Users/hsing-huihsu/Ada-class/rails_projects/see_more/app/models/user_author.rb": [
        1,
        1,
        1,
        1,
        1,
        null
      ],
      "/Users/hsing-huihsu/Ada-class/rails_projects/see_more/spec/models/user_spec.rb": [
        1,
        null,
        1,
        3,
        null,
        1,
        1,
        1,
        null,
        null,
        1,
        1,
        1,
        null,
        null,
        null,
        null,
        1,
        2,
        null,
        1,
        1,
        null,
        null,
        1,
        1,
        1,
        1,
        null,
        null,
        null,
        null,
        1,
        2,
        null,
        1,
        1,
        null,
        null,
        null,
        1,
        1,
        1,
        1,
        null,
        null,
        null,
        null,
        null
      ],
      "/Users/hsing-huihsu/Ada-class/rails_projects/see_more/app/models/user.rb": [
        1,
        1,
        null,
        1,
        1,
        1,
        null,
        1,
        9,
        null,
        null,
        null,
        3,
        null,
        null,
        1,
        0,
        0,
        0,
        0,
        null,
        null,
        0,
        null,
        null,
        null
      ],
      "/Users/hsing-huihsu/Ada-class/rails_projects/see_more/spec/views/welcome/home.html.erb_spec.rb": [
        1,
        null,
        1,
        1,
        null
      ],
      "/Users/hsing-huihsu/Ada-class/rails_projects/see_more/spec/views/welcome/signin.html.erb_spec.rb": [
        1,
        null,
        1,
        1,
        null
      ]
    },
    "timestamp": 1391127518
  }
}
