{
  "RSpec": {
    "coverage": {
      "/Users/hsing-huihsu/Ada-class/rails_projects/see_more/config/environment.rb": [
        null,
        1,
        null,
        null,
        1
      ],
      "/Users/hsing-huihsu/Ada-class/rails_projects/see_more/config/application.rb": [
        1,
        null,
        null,
        1,
        1,
        1,
        1,
        null,
        null,
        null,
        null,
        1,
        null,
        1,
        1,
        null,
        null,
        null,
        null,
        null,
        null,
        null,
        null,
        null,
        null,
        null,
        null,
        null
      ],
      "/Users/hsing-huihsu/Ada-class/rails_projects/see_more/config/boot.rb": [
        null,
        1,
        null,
        1
      ],
      "/Users/hsing-huihsu/Ada-class/rails_projects/see_more/config/environments/test.rb": [
        1,
        null,
        null,
        null,
        null,
        null,
        null,
        1,
        null,
        null,
        null,
        null,
        1,
        null,
        null,
        1,
        1,
        null,
        null,
        1,
        1,
        null,
        null,
        1,
        null,
        null,
        1,
        null,
        null,
        null,
        null,
        1,
        null,
        null,
        1,
        null
      ],
      "/Users/hsing-huihsu/Ada-class/rails_projects/see_more/config/initializers/backtrace_silencers.rb": [
        null,
        null,
        null,
        null,
        null,
        null,
        null
      ],
      "/Users/hsing-huihsu/Ada-class/rails_projects/see_more/config/initializers/filter_parameter_logging.rb": [
        null,
        null,
        null,
        1
      ],
      "/Users/hsing-huihsu/Ada-class/rails_projects/see_more/config/initializers/inflections.rb": [
        null,
        null,
        null,
        null,
        null,
        null,
        null,
        null,
        null,
        null,
        null,
        null,
        null,
        null,
        null,
        null
      ],
      "/Users/hsing-huihsu/Ada-class/rails_projects/see_more/config/initializers/mime_types.rb": [
        null,
        null,
        null,
        null,
        null
      ],
      "/Users/hsing-huihsu/Ada-class/rails_projects/see_more/config/initializers/omniauth.rb": [
        null,
        null,
        null,
        null,
        1,
        1,
        1,
        null
      ],
      "/Users/hsing-huihsu/Ada-class/rails_projects/see_more/config/initializers/secret_token.rb": [
        null,
        null,
        null,
        null,
        null,
        null,
        null,
        null,
        null,
        null,
        null,
        1
      ],
      "/Users/hsing-huihsu/Ada-class/rails_projects/see_more/config/initializers/session_store.rb": [
        null,
        null,
        1
      ],
      "/Users/hsing-huihsu/Ada-class/rails_projects/see_more/config/initializers/twitter_credentials.rb": [
        1,
        null
      ],
      "/Users/hsing-huihsu/Ada-class/rails_projects/see_more/config/initializers/will_paginate.rb": [
        1
      ],
      "/Users/hsing-huihsu/Ada-class/rails_projects/see_more/config/initializers/wrap_parameters.rb": [
        null,
        null,
        null,
        null,
        null,
        null,
        1,
        1,
        null,
        null,
        null,
        null,
        null,
        null
      ],
      "/Users/hsing-huihsu/Ada-class/rails_projects/see_more/config/routes.rb": [
        1,
        null,
        1,
        null,
        1,
        1,
        1,
        null,
        1,
        1,
        1,
        null,
        1,
        1,
        null,
        1,
        1,
        1,
        1,
        null
      ],
      "/Users/hsing-huihsu/Ada-class/rails_projects/see_more/app/helpers/application_helper.rb": [
        1,
        null,
        1,
        0,
        0,
        0,
        0,
        0,
        0,
        null,
        null,
        1,
        0,
        0,
        0,
        0,
        0,
        0,
        null,
        null,
        1,
        0,
        0,
        null,
        0,
        null,
        0,
        null,
        null,
        1,
        0,
        0,
        null,
        null,
        null
      ],
      "/Users/hsing-huihsu/Ada-class/rails_projects/see_more/app/helpers/authors_helper.rb": [
        1,
        null
      ],
      "/Users/hsing-huihsu/Ada-class/rails_projects/see_more/app/helpers/posts_helper.rb": [
        1,
        null
      ],
      "/Users/hsing-huihsu/Ada-class/rails_projects/see_more/app/helpers/sessions_helper.rb": [
        1,
        null
      ],
      "/Users/hsing-huihsu/Ada-class/rails_projects/see_more/app/helpers/user_authors_helper.rb": [
        1,
        null
      ],
      "/Users/hsing-huihsu/Ada-class/rails_projects/see_more/app/helpers/users_helper.rb": [
        1,
        null
      ],
      "/Users/hsing-huihsu/Ada-class/rails_projects/see_more/app/helpers/welcome_helper.rb": [
        1,
        null
      ],
      "/Users/hsing-huihsu/Ada-class/rails_projects/see_more/app/models/provider.rb": [
        1,
        1,
        1,
        1,
        1,
        1,
        1,
        null,
        1,
        null,
        null,
        1,
        0,
        null,
        null,
        1,
        4,
        null,
        null,
        null,
        null,
        null,
        null,
        null,
        null,
        null,
        null,
        null,
        null,
        null,
        null,
        null,
        2,
        null,
        null,
        null
      ]
    },
    "timestamp": 1391195903
  }
}
